mode: set
backend/controllers/admin_controller.go:16.77,18.2 1 1
backend/controllers/admin_controller.go:34.81,41.40 2 1
backend/controllers/admin_controller.go:41.40,49.3 1 1
backend/controllers/admin_controller.go:51.2,51.13 1 1
backend/controllers/admin_controller.go:69.78,78.34 2 1
backend/controllers/admin_controller.go:78.34,84.3 1 1
backend/controllers/admin_controller.go:85.2,85.13 1 1
backend/controllers/admin_controller.go:88.54,90.16 2 1
backend/controllers/admin_controller.go:90.16,93.3 2 0
backend/controllers/admin_controller.go:95.2,95.55 1 1
backend/controllers/admin_controller.go:98.58,100.16 2 1
backend/controllers/admin_controller.go:100.16,103.3 2 0
backend/controllers/admin_controller.go:105.2,106.16 2 1
backend/controllers/admin_controller.go:106.16,107.22 1 1
backend/controllers/admin_controller.go:107.22,110.4 2 1
backend/controllers/admin_controller.go:111.3,112.9 2 0
backend/controllers/admin_controller.go:115.2,115.54 1 1
backend/controllers/auth_controller.go:17.73,19.2 1 1
backend/controllers/auth_controller.go:49.42,51.58 2 1
backend/controllers/auth_controller.go:51.58,53.3 1 0
backend/controllers/auth_controller.go:54.2,54.69 1 1
backend/controllers/auth_controller.go:54.69,56.3 1 0
backend/controllers/auth_controller.go:57.2,57.57 1 1
backend/controllers/auth_controller.go:60.51,62.47 2 1
backend/controllers/auth_controller.go:62.47,65.3 2 1
backend/controllers/auth_controller.go:67.2,72.16 2 1
backend/controllers/auth_controller.go:72.16,73.47 1 1
backend/controllers/auth_controller.go:73.47,76.4 2 1
backend/controllers/auth_controller.go:77.3,78.9 2 0
backend/controllers/auth_controller.go:81.2,82.16 2 1
backend/controllers/auth_controller.go:82.16,85.3 2 0
backend/controllers/auth_controller.go:87.2,95.4 1 1
backend/controllers/auth_controller.go:98.48,100.47 2 1
backend/controllers/auth_controller.go:100.47,103.3 2 1
backend/controllers/auth_controller.go:105.2,109.16 2 1
backend/controllers/auth_controller.go:109.16,112.3 2 1
backend/controllers/auth_controller.go:114.2,122.4 1 1
backend/controllers/auth_middleware.go:12.37,13.30 1 1
backend/controllers/auth_middleware.go:13.30,15.23 2 1
backend/controllers/auth_middleware.go:15.23,18.4 2 1
backend/controllers/auth_middleware.go:20.3,21.64 2 1
backend/controllers/auth_middleware.go:21.64,24.4 2 1
backend/controllers/auth_middleware.go:26.3,27.17 2 1
backend/controllers/auth_middleware.go:27.17,30.4 2 1
backend/controllers/auth_middleware.go:32.3,34.11 3 0
backend/controllers/auth_middleware.go:38.38,39.30 1 1
backend/controllers/auth_middleware.go:39.30,41.42 2 1
backend/controllers/auth_middleware.go:41.42,44.4 2 1
backend/controllers/auth_middleware.go:45.3,45.11 1 1
backend/controllers/event_controller.go:20.76,22.2 1 1
backend/controllers/event_controller.go:78.53,99.2 1 1
backend/controllers/event_controller.go:101.50,105.47 2 1
backend/controllers/event_controller.go:105.47,107.17 2 0
backend/controllers/event_controller.go:107.17,111.4 3 0
backend/controllers/event_controller.go:113.2,113.60 1 1
backend/controllers/event_controller.go:113.60,115.17 2 0
backend/controllers/event_controller.go:115.17,117.4 1 0
backend/controllers/event_controller.go:119.2,119.54 1 1
backend/controllers/event_controller.go:119.54,121.17 2 0
backend/controllers/event_controller.go:121.17,123.4 1 0
backend/controllers/event_controller.go:125.2,125.60 1 1
backend/controllers/event_controller.go:125.60,126.71 1 0
backend/controllers/event_controller.go:126.71,128.4 1 0
backend/controllers/event_controller.go:130.2,130.60 1 1
backend/controllers/event_controller.go:130.60,131.71 1 0
backend/controllers/event_controller.go:131.71,133.4 1 0
backend/controllers/event_controller.go:136.2,137.16 2 1
backend/controllers/event_controller.go:137.16,140.3 2 0
backend/controllers/event_controller.go:142.2,143.27 2 1
backend/controllers/event_controller.go:143.27,145.3 1 1
backend/controllers/event_controller.go:147.2,147.29 1 1
backend/controllers/event_controller.go:150.51,152.16 2 1
backend/controllers/event_controller.go:152.16,155.3 2 1
backend/controllers/event_controller.go:157.2,158.16 2 1
backend/controllers/event_controller.go:158.16,159.22 1 1
backend/controllers/event_controller.go:159.22,162.4 2 1
backend/controllers/event_controller.go:163.3,164.9 2 0
backend/controllers/event_controller.go:167.2,167.47 1 1
backend/controllers/event_controller.go:170.50,172.47 2 1
backend/controllers/event_controller.go:172.47,175.3 2 1
backend/controllers/event_controller.go:177.2,178.16 2 1
backend/controllers/event_controller.go:178.16,181.3 2 0
backend/controllers/event_controller.go:183.2,184.32 2 1
backend/controllers/event_controller.go:184.32,186.18 2 0
backend/controllers/event_controller.go:186.18,188.4 1 0
backend/controllers/event_controller.go:190.2,190.31 1 1
backend/controllers/event_controller.go:190.31,192.18 2 0
backend/controllers/event_controller.go:192.18,194.4 1 0
backend/controllers/event_controller.go:197.2,213.16 2 1
backend/controllers/event_controller.go:213.16,214.47 1 0
backend/controllers/event_controller.go:214.47,217.4 2 0
backend/controllers/event_controller.go:218.3,219.9 2 0
backend/controllers/event_controller.go:222.2,222.54 1 1
backend/controllers/event_controller.go:225.50,227.16 2 1
backend/controllers/event_controller.go:227.16,230.3 2 0
backend/controllers/event_controller.go:232.2,233.47 2 1
backend/controllers/event_controller.go:233.47,236.3 2 0
backend/controllers/event_controller.go:238.2,253.25 2 1
backend/controllers/event_controller.go:253.25,255.18 2 0
backend/controllers/event_controller.go:255.18,257.4 1 0
backend/controllers/event_controller.go:259.2,263.16 4 1
backend/controllers/event_controller.go:263.16,264.22 1 1
backend/controllers/event_controller.go:264.22,267.4 2 1
backend/controllers/event_controller.go:268.3,268.49 1 0
backend/controllers/event_controller.go:268.49,271.4 2 0
backend/controllers/event_controller.go:272.3,273.9 2 0
backend/controllers/event_controller.go:276.2,276.47 1 1
backend/controllers/event_controller.go:279.50,281.16 2 1
backend/controllers/event_controller.go:281.16,284.3 2 0
backend/controllers/event_controller.go:286.2,286.56 1 1
backend/controllers/event_controller.go:286.56,287.22 1 1
backend/controllers/event_controller.go:287.22,290.4 2 1
backend/controllers/event_controller.go:291.3,292.9 2 0
backend/controllers/event_controller.go:295.2,295.35 1 1
backend/controllers/event_controller.go:305.92,306.15 1 1
backend/controllers/event_controller.go:307.30,308.26 1 0
backend/controllers/event_controller.go:308.26,310.4 1 0
backend/controllers/event_controller.go:311.3,311.45 1 0
backend/controllers/event_controller.go:312.27,313.25 1 1
backend/controllers/event_controller.go:313.25,315.4 1 1
backend/controllers/event_controller.go:316.3,316.75 1 0
backend/controllers/event_controller.go:317.26,318.25 1 0
backend/controllers/event_controller.go:318.25,320.4 1 0
backend/controllers/event_controller.go:321.3,321.68 1 0
backend/controllers/event_controller.go:322.29,323.12 1 0
backend/controllers/event_controller.go:324.10,325.12 1 0
backend/controllers/event_controller.go:329.57,331.16 2 1
backend/controllers/event_controller.go:331.16,334.3 2 0
backend/controllers/event_controller.go:336.2,337.16 2 1
backend/controllers/event_controller.go:337.16,338.22 1 0
backend/controllers/event_controller.go:338.22,341.4 2 0
backend/controllers/event_controller.go:342.3,343.9 2 0
backend/controllers/event_controller.go:346.2,348.33 3 1
backend/controllers/event_controller.go:348.33,351.3 2 0
backend/controllers/event_controller.go:351.8,351.70 1 1
backend/controllers/event_controller.go:351.70,354.3 2 0
backend/controllers/event_controller.go:354.8,357.3 2 1
backend/controllers/event_controller.go:358.2,365.29 2 1
backend/controllers/helpers.go:15.33,18.2 2 1
backend/controllers/helpers.go:20.39,21.13 1 1
backend/controllers/helpers.go:21.13,23.3 1 0
backend/controllers/helpers.go:24.2,24.11 1 1
backend/controllers/helpers.go:27.44,28.14 1 1
backend/controllers/helpers.go:28.14,30.3 1 1
backend/controllers/helpers.go:31.2,32.11 2 1
backend/controllers/ticket_controller.go:19.79,21.2 1 1
backend/controllers/ticket_controller.go:44.56,47.25 3 1
backend/controllers/ticket_controller.go:47.25,50.3 2 0
backend/controllers/ticket_controller.go:52.2,61.3 1 1
backend/controllers/ticket_controller.go:64.53,66.47 2 1
backend/controllers/ticket_controller.go:66.47,69.3 2 1
backend/controllers/ticket_controller.go:71.2,74.16 3 1
backend/controllers/ticket_controller.go:74.16,75.110 1 1
backend/controllers/ticket_controller.go:75.110,78.4 2 1
backend/controllers/ticket_controller.go:79.3,80.9 2 0
backend/controllers/ticket_controller.go:83.2,84.28 2 1
backend/controllers/ticket_controller.go:84.28,86.3 1 1
backend/controllers/ticket_controller.go:87.2,87.34 1 1
backend/controllers/ticket_controller.go:90.57,94.16 3 1
backend/controllers/ticket_controller.go:94.16,97.3 2 0
backend/controllers/ticket_controller.go:99.2,100.28 2 1
backend/controllers/ticket_controller.go:100.28,102.3 1 1
backend/controllers/ticket_controller.go:104.2,104.29 1 1
backend/controllers/ticket_controller.go:107.51,109.16 2 1
backend/controllers/ticket_controller.go:109.16,112.3 2 0
backend/controllers/ticket_controller.go:114.2,116.65 2 1
backend/controllers/ticket_controller.go:116.65,117.22 1 1
backend/controllers/ticket_controller.go:117.22,120.4 2 1
backend/controllers/ticket_controller.go:121.3,122.9 2 0
backend/controllers/ticket_controller.go:125.2,125.35 1 1
backend/controllers/ticket_controller.go:128.53,130.16 2 1
backend/controllers/ticket_controller.go:130.16,133.3 2 0
backend/controllers/ticket_controller.go:135.2,136.47 2 1
backend/controllers/ticket_controller.go:136.47,139.3 2 1
backend/controllers/ticket_controller.go:141.2,143.121 2 1
backend/controllers/ticket_controller.go:143.121,144.22 1 0
backend/controllers/ticket_controller.go:144.22,147.4 2 0
backend/controllers/ticket_controller.go:148.3,149.9 2 0
backend/controllers/ticket_controller.go:152.2,152.76 1 1
backend/clients/email_client.go:39.35,41.18 2 0
backend/clients/email_client.go:42.14,49.4 1 0
backend/clients/email_client.go:50.10,51.27 1 0
backend/clients/email_client.go:61.87,64.2 2 0
backend/clients/email_client.go:66.85,69.2 2 0
backend/clients/email_client.go:71.87,74.2 2 0
backend/clients/email_client.go:88.88,104.2 3 0
backend/clients/email_client.go:106.86,120.2 3 0
backend/clients/email_client.go:122.88,136.2 3 0
backend/clients/email_client.go:138.64,146.12 6 0
backend/clients/email_client.go:146.12,148.3 1 0
backend/clients/email_client.go:150.2,150.9 1 0
backend/clients/email_client.go:151.22,152.17 1 0
backend/clients/email_client.go:152.17,154.4 1 0
backend/clients/email_client.go:155.3,155.13 1 0
backend/clients/email_client.go:156.33,157.57 1 0
backend/main.go:18.13,20.16 2 0
backend/main.go:20.16,22.3 1 0
backend/main.go:23.2,25.89 2 0
backend/main.go:25.89,27.3 1 0
backend/main.go:30.2,56.40 17 0
backend/main.go:56.40,58.3 1 0
backend/main.go:60.2,61.2 2 0
backend/main.go:61.2,64.3 2 0
backend/main.go:64.3,67.4 2 0
backend/main.go:70.3,71.3 2 0
backend/main.go:71.3,75.4 3 0
backend/main.go:78.3,80.3 3 0
backend/main.go:80.3,85.4 4 0
backend/main.go:88.3,90.3 3 0
backend/main.go:90.3,96.4 5 0
backend/main.go:99.2,101.37 3 0
backend/main.go:101.37,103.3 1 0
backend/main.go:105.2,106.16 2 0
backend/main.go:106.16,108.3 1 0
backend/main.go:109.2,110.62 2 0
backend/main.go:110.62,112.3 1 0
backend/main.go:115.39,118.30 3 0
backend/main.go:118.30,122.55 2 0
backend/main.go:122.55,124.4 1 0
backend/main.go:124.9,124.52 1 0
backend/main.go:124.52,126.4 1 0
backend/main.go:128.3,132.45 4 0
backend/main.go:132.45,135.4 2 0
backend/main.go:137.3,137.11 1 0
backend/main.go:141.40,142.15 1 0
backend/main.go:142.15,144.3 1 0
backend/main.go:145.2,147.26 3 0
backend/main.go:147.26,149.20 2 0
backend/main.go:149.20,151.4 1 0
backend/main.go:153.2,153.22 1 0
backend/main.go:153.22,155.3 1 0
backend/main.go:156.2,156.15 1 0
backend/main.go:159.60,160.28 1 0
backend/main.go:160.28,161.30 1 0
backend/main.go:161.30,163.4 1 0
backend/main.go:165.2,165.14 1 0
backend/main.go:168.50,169.30 1 0
backend/main.go:169.30,176.3 6 0
backend/dao/connection.go:26.39,28.40 1 0
backend/dao/connection.go:28.40,30.3 1 0
backend/dao/connection.go:33.2,41.18 7 0
backend/dao/connection.go:41.18,42.51 1 0
backend/dao/connection.go:42.51,44.4 1 0
backend/dao/connection.go:48.2,48.83 1 0
backend/dao/connection.go:48.83,50.3 1 0
backend/dao/connection.go:53.2,54.18 2 0
backend/dao/connection.go:54.18,56.3 1 0
backend/dao/connection.go:57.2,62.53 4 0
backend/dao/connection.go:62.53,66.21 2 0
backend/dao/connection.go:66.21,67.9 1 0
backend/dao/connection.go:69.3,70.25 2 0
backend/dao/connection.go:72.2,72.20 1 0
backend/dao/connection.go:72.20,74.3 1 0
backend/dao/connection.go:76.2,77.35 2 0
backend/dao/connection.go:80.45,82.2 1 0
backend/dao/connection.go:84.57,85.54 1 0
backend/dao/connection.go:85.54,87.3 1 0
backend/dao/connection.go:89.2,92.22 2 0
backend/dao/connection.go:92.22,94.3 1 0
backend/dao/connection.go:96.2,97.12 2 0
backend/dao/connection.go:100.34,102.16 2 0
backend/dao/connection.go:102.16,104.3 1 0
backend/dao/connection.go:105.2,105.22 1 0
backend/dao/connection.go:108.45,111.16 3 0
backend/dao/connection.go:111.16,113.3 1 0
backend/dao/connection.go:114.2,114.43 1 0
backend/dao/connection.go:114.43,116.3 1 0
backend/dao/connection.go:118.2,121.57 2 0
backend/dao/connection.go:124.77,126.12 2 0
backend/dao/connection.go:126.12,128.3 1 0
backend/dao/connection.go:129.2,135.16 3 0
backend/dao/connection.go:135.16,137.3 1 0
backend/dao/connection.go:139.2,140.46 2 0
backend/dao/connection.go:140.46,142.3 1 0
backend/dao/connection.go:144.2,145.16 2 0
backend/dao/connection.go:145.16,147.3 1 0
backend/dao/connection.go:148.2,151.12 3 0
backend/dao/connection.go:154.51,155.38 1 0
backend/dao/connection.go:155.38,157.3 1 0
backend/dao/connection.go:158.2,158.17 1 0
backend/dao/event_dao.go:15.45,17.2 1 0
backend/dao/event_dao.go:19.85,25.28 3 0
backend/dao/event_dao.go:25.28,27.3 1 0
backend/dao/event_dao.go:28.2,28.29 1 0
backend/dao/event_dao.go:28.29,30.3 1 0
backend/dao/event_dao.go:31.2,31.27 1 0
backend/dao/event_dao.go:31.27,33.3 1 0
backend/dao/event_dao.go:34.2,34.29 1 0
backend/dao/event_dao.go:34.29,36.3 1 0
backend/dao/event_dao.go:37.2,37.29 1 0
backend/dao/event_dao.go:37.29,39.3 1 0
backend/dao/event_dao.go:41.2,43.16 3 0
backend/dao/event_dao.go:43.16,45.3 1 0
backend/dao/event_dao.go:46.2,46.20 1 0
backend/dao/event_dao.go:49.65,52.16 3 0
backend/dao/event_dao.go:52.16,54.3 1 0
backend/dao/event_dao.go:55.2,55.20 1 0
backend/dao/event_dao.go:58.58,60.2 1 0
backend/dao/event_dao.go:62.58,64.2 1 0
backend/dao/event_dao.go:66.46,68.2 1 0
backend/dao/event_dao.go:70.76,73.2 1 0
backend/dao/event_dao.go:75.65,78.2 1 0
backend/dao/ticket_dao.go:13.47,15.2 1 0
backend/dao/ticket_dao.go:17.61,19.2 1 0
backend/dao/ticket_dao.go:21.67,25.16 3 0
backend/dao/ticket_dao.go:25.16,27.3 1 0
backend/dao/ticket_dao.go:28.2,28.21 1 0
backend/dao/ticket_dao.go:31.76,35.16 3 0
backend/dao/ticket_dao.go:35.16,37.3 1 0
backend/dao/ticket_dao.go:38.2,38.21 1 0
backend/dao/ticket_dao.go:41.82,45.16 3 0
backend/dao/ticket_dao.go:45.16,47.3 1 0
backend/dao/ticket_dao.go:48.2,48.21 1 0
backend/dao/ticket_dao.go:51.71,56.16 3 0
backend/dao/ticket_dao.go:56.16,58.3 1 0
backend/dao/ticket_dao.go:59.2,59.24 1 0
backend/dao/ticket_dao.go:62.59,66.2 1 0
backend/dao/ticket_dao.go:68.59,70.2 1 0
backend/dao/ticket_dao.go:72.73,73.50 1 0
backend/dao/ticket_dao.go:73.50,75.3 1 0
backend/dao/user_dao.go:13.43,15.2 1 0
backend/dao/user_dao.go:17.55,19.2 1 0
backend/dao/user_dao.go:21.71,24.16 3 0
backend/dao/user_dao.go:24.16,26.3 1 0
backend/dao/user_dao.go:27.2,27.19 1 0
backend/dao/user_dao.go:30.63,33.16 3 0
backend/dao/user_dao.go:33.16,35.3 1 0
backend/dao/user_dao.go:36.2,36.19 1 0
backend/logger/logger.go:26.56,34.48 4 0
backend/logger/logger.go:34.48,36.3 1 0
backend/logger/logger.go:37.2,37.33 1 0
backend/logger/logger.go:40.45,40.77 1 0
backend/logger/logger.go:41.45,41.77 1 0
backend/logger/logger.go:42.45,42.78 1 0
backend/logger/logger.go:43.45,43.78 1 0
backend/logger/logger.go:45.45,48.2 2 0
backend/domain/event.go:43.59,44.79 1 1
backend/domain/event.go:44.79,46.3 1 1
backend/domain/event.go:47.2,47.37 1 1
backend/domain/event.go:47.37,49.3 1 1
backend/domain/event.go:50.2,50.36 1 1
backend/domain/event.go:50.36,52.3 1 1
backend/domain/event.go:53.2,53.20 1 1
backend/services/auth_service.go:48.54,50.2 1 1
backend/services/auth_service.go:52.75,56.29 3 1
backend/services/auth_service.go:56.29,58.3 1 1
backend/services/auth_service.go:60.2,61.59 2 1
backend/services/auth_service.go:61.59,63.3 1 0
backend/services/auth_service.go:64.2,64.21 1 1
backend/services/auth_service.go:64.21,66.3 1 1
backend/services/auth_service.go:68.2,69.16 2 1
backend/services/auth_service.go:69.16,71.3 1 0
backend/services/auth_service.go:73.2,80.47 2 1
backend/services/auth_service.go:80.47,82.3 1 0
backend/services/auth_service.go:84.2,84.18 1 1
backend/services/auth_service.go:87.77,91.16 3 1
backend/services/auth_service.go:91.16,93.3 1 1
backend/services/auth_service.go:95.2,95.61 1 1
backend/services/auth_service.go:95.61,97.3 1 1
backend/services/auth_service.go:99.2,100.16 2 1
backend/services/auth_service.go:100.16,102.3 1 0
backend/services/auth_service.go:104.2,104.25 1 1
backend/services/auth_service.go:107.79,109.2 1 0
backend/services/errors.go:9.38,9.69 1 1
backend/services/errors.go:12.39,12.54 1 0
backend/services/event_service.go:70.82,75.2 1 1
backend/services/event_service.go:77.84,79.2 1 1
backend/services/event_service.go:81.64,83.16 2 1
backend/services/event_service.go:83.16,85.3 1 1
backend/services/event_service.go:86.2,86.19 1 1
backend/services/event_service.go:89.78,90.23 1 1
backend/services/event_service.go:90.23,92.3 1 1
backend/services/event_service.go:93.2,93.25 1 1
backend/services/event_service.go:93.25,95.3 1 1
backend/services/event_service.go:96.2,96.35 1 1
backend/services/event_service.go:96.35,98.3 1 1
backend/services/event_service.go:99.2,99.146 1 1
backend/services/event_service.go:99.146,101.3 1 0
backend/services/event_service.go:103.2,104.25 2 1
backend/services/event_service.go:104.25,106.3 1 0
backend/services/event_service.go:108.2,125.49 2 1
backend/services/event_service.go:125.49,127.3 1 0
backend/services/event_service.go:129.2,129.19 1 1
backend/services/event_service.go:132.87,134.16 2 1
backend/services/event_service.go:134.16,136.3 1 1
backend/services/event_service.go:138.2,138.33 1 1
backend/services/event_service.go:138.33,140.3 1 1
backend/services/event_service.go:142.2,142.24 1 1
backend/services/event_service.go:142.24,144.3 1 1
backend/services/event_service.go:145.2,145.30 1 1
backend/services/event_service.go:145.30,147.3 1 0
backend/services/event_service.go:148.2,148.27 1 1
backend/services/event_service.go:148.27,150.3 1 0
backend/services/event_service.go:151.2,151.27 1 1
backend/services/event_service.go:151.27,153.3 1 0
backend/services/event_service.go:154.2,154.27 1 1
backend/services/event_service.go:154.27,156.3 1 0
backend/services/event_service.go:157.2,157.23 1 1
backend/services/event_service.go:157.23,159.3 1 0
backend/services/event_service.go:160.2,160.27 1 1
backend/services/event_service.go:160.27,162.3 1 0
backend/services/event_service.go:163.2,163.27 1 1
backend/services/event_service.go:163.27,165.3 1 0
backend/services/event_service.go:166.2,166.24 1 1
backend/services/event_service.go:166.24,168.3 1 0
backend/services/event_service.go:169.2,169.25 1 1
backend/services/event_service.go:169.25,171.3 1 0
backend/services/event_service.go:174.2,174.32 1 1
backend/services/event_service.go:174.32,175.27 1 0
backend/services/event_service.go:175.27,178.66 1 0
backend/services/event_service.go:178.66,180.5 1 0
backend/services/event_service.go:181.4,182.18 2 0
backend/services/event_service.go:182.18,184.5 1 0
backend/services/event_service.go:185.4,186.18 2 0
backend/services/event_service.go:186.18,188.5 1 0
backend/services/event_service.go:189.4,189.41 1 0
backend/services/event_service.go:189.41,191.5 1 0
backend/services/event_service.go:192.4,192.44 1 0
backend/services/event_service.go:192.44,194.5 1 0
backend/services/event_service.go:195.4,198.41 4 0
backend/services/event_service.go:199.9,204.4 4 0
backend/services/event_service.go:205.8,207.31 1 1
backend/services/event_service.go:207.31,209.4 1 0
backend/services/event_service.go:210.3,210.36 1 1
backend/services/event_service.go:210.36,212.18 2 0
backend/services/event_service.go:212.18,214.5 1 0
backend/services/event_service.go:216.3,216.35 1 1
backend/services/event_service.go:216.35,218.18 2 0
backend/services/event_service.go:218.18,220.5 1 0
backend/services/event_service.go:224.2,224.49 1 1
backend/services/event_service.go:224.49,226.3 1 0
backend/services/event_service.go:228.2,228.19 1 1
backend/services/event_service.go:231.46,233.16 2 1
backend/services/event_service.go:233.16,235.3 1 1
backend/services/event_service.go:237.2,237.33 1 1
backend/services/event_service.go:237.33,239.3 1 1
backend/services/event_service.go:241.2,242.49 2 1
backend/services/event_service.go:242.49,244.3 1 0
backend/services/event_service.go:247.2,247.60 1 1
backend/services/event_service.go:247.60,249.3 1 0
backend/services/event_service.go:251.2,251.12 1 1
backend/services/event_service.go:254.117,255.13 1 1
backend/services/event_service.go:255.13,257.3 1 1
backend/services/event_service.go:258.2,258.58 1 0
backend/services/event_service.go:258.58,260.3 1 0
backend/services/event_service.go:261.2,261.37 1 0
backend/services/event_service.go:261.37,263.3 1 0
backend/services/event_service.go:264.2,264.37 1 0
backend/services/event_service.go:264.37,266.3 1 0
backend/services/event_service.go:267.2,267.12 1 0
backend/services/event_service.go:270.31,271.13 1 1
backend/services/event_service.go:271.13,273.3 1 1
backend/services/event_service.go:274.2,274.11 1 0
backend/services/report_service.go:58.18,64.2 1 1
backend/services/report_service.go:66.76,68.16 2 1
backend/services/report_service.go:68.16,70.3 1 1
backend/services/report_service.go:72.2,73.16 2 1
backend/services/report_service.go:73.16,75.3 1 0
backend/services/report_service.go:77.2,78.24 2 1
backend/services/report_service.go:78.24,80.3 1 1
backend/services/report_service.go:82.2,91.16 3 1
backend/services/report_service.go:91.16,92.35 1 1
backend/services/report_service.go:92.35,94.19 2 1
backend/services/report_service.go:94.19,100.5 1 1
backend/services/report_service.go:104.2,104.20 1 1
backend/services/report_service.go:107.66,110.16 2 1
backend/services/report_service.go:110.16,112.3 1 0
backend/services/report_service.go:114.2,118.31 2 1
backend/services/report_service.go:118.31,120.17 2 1
backend/services/report_service.go:120.17,122.4 1 0
backend/services/report_service.go:124.3,127.25 3 1
backend/services/report_service.go:127.25,129.4 1 1
backend/services/report_service.go:131.3,137.5 1 1
backend/services/report_service.go:140.2,140.20 1 1
backend/services/ticket_service.go:54.18,61.2 1 1
backend/services/ticket_service.go:67.94,68.25 1 1
backend/services/ticket_service.go:68.25,70.3 1 1
backend/services/ticket_service.go:72.2,73.16 2 1
backend/services/ticket_service.go:73.16,75.3 1 1
backend/services/ticket_service.go:76.2,76.33 1 1
backend/services/ticket_service.go:76.33,78.3 1 1
backend/services/ticket_service.go:81.2,81.44 1 1
backend/services/ticket_service.go:82.30,83.68 1 0
backend/services/ticket_service.go:84.27,85.30 1 1
backend/services/ticket_service.go:85.30,87.4 1 1
backend/services/ticket_service.go:88.3,88.74 1 1
backend/services/ticket_service.go:88.74,90.4 1 1
backend/services/ticket_service.go:93.2,94.16 2 1
backend/services/ticket_service.go:94.16,96.3 1 0
backend/services/ticket_service.go:97.2,97.54 1 1
backend/services/ticket_service.go:97.54,99.3 1 1
backend/services/ticket_service.go:101.2,102.25 2 1
backend/services/ticket_service.go:102.25,109.3 1 1
backend/services/ticket_service.go:111.2,111.68 1 1
backend/services/ticket_service.go:111.68,112.34 1 1
backend/services/ticket_service.go:112.34,113.53 1 1
backend/services/ticket_service.go:113.53,115.5 1 0
backend/services/ticket_service.go:117.3,117.72 1 1
backend/services/ticket_service.go:118.17,120.3 1 0
backend/services/ticket_service.go:122.2,124.21 2 1
backend/services/ticket_service.go:127.73,129.2 1 1
backend/services/ticket_service.go:133.76,135.16 2 1
backend/services/ticket_service.go:135.16,137.3 1 0
backend/services/ticket_service.go:138.2,138.39 1 1
backend/services/ticket_service.go:138.39,140.3 1 1
backend/services/ticket_service.go:141.2,141.34 1 1
backend/services/ticket_service.go:141.34,143.3 1 1
backend/services/ticket_service.go:145.2,149.68 4 1
backend/services/ticket_service.go:149.68,150.50 1 1
backend/services/ticket_service.go:150.50,152.4 1 0
backend/services/ticket_service.go:153.3,153.57 1 1
backend/services/ticket_service.go:154.17,156.3 1 0
backend/services/ticket_service.go:158.2,160.12 2 1
backend/services/ticket_service.go:165.93,167.16 2 1
backend/services/ticket_service.go:167.16,169.3 1 0
backend/services/ticket_service.go:170.2,170.33 1 1
backend/services/ticket_service.go:170.33,172.3 1 0
backend/services/ticket_service.go:173.2,173.34 1 1
backend/services/ticket_service.go:173.34,175.3 1 0
backend/services/ticket_service.go:176.2,176.36 1 1
backend/services/ticket_service.go:176.36,178.3 1 0
backend/services/ticket_service.go:180.2,181.16 2 1
backend/services/ticket_service.go:181.16,183.3 1 0
backend/services/ticket_service.go:184.2,184.33 1 1
backend/services/ticket_service.go:184.33,186.3 1 1
backend/services/ticket_service.go:188.2,194.68 6 1
backend/services/ticket_service.go:194.68,196.3 1 1
backend/services/ticket_service.go:196.17,198.3 1 0
backend/services/ticket_service.go:200.2,202.12 2 1
backend/services/ticket_service.go:210.100,212.16 2 1
backend/services/ticket_service.go:212.16,215.3 2 0
backend/services/ticket_service.go:216.2,216.104 1 1
backend/services/ticket_service.go:216.104,218.3 1 0
backend/services/ticket_service.go:221.83,223.16 2 1
backend/services/ticket_service.go:223.16,226.3 2 0
backend/services/ticket_service.go:227.2,228.16 2 1
backend/services/ticket_service.go:228.16,231.3 2 0
backend/services/ticket_service.go:232.2,232.102 1 1
backend/services/ticket_service.go:232.102,234.3 1 0
backend/services/ticket_service.go:237.104,239.16 2 1
backend/services/ticket_service.go:239.16,242.3 2 0
backend/services/ticket_service.go:243.2,244.16 2 1
backend/services/ticket_service.go:244.16,247.3 2 0
backend/services/ticket_service.go:248.2,248.116 1 1
backend/services/ticket_service.go:248.116,250.3 1 0
backend/services/ticket_service.go:253.82,255.27 2 1
backend/services/ticket_service.go:255.27,257.3 1 0
backend/services/ticket_service.go:258.2,264.3 1 1
backend/utils/jwt.go:16.60,28.2 3 1
backend/utils/jwt.go:30.57,32.16 2 1
backend/utils/jwt.go:32.16,34.3 1 1
backend/utils/jwt.go:36.2,37.25 2 1
backend/utils/jwt.go:37.25,39.3 1 0
backend/utils/jwt.go:41.2,41.20 1 1
backend/utils/jwt.go:44.53,45.57 1 1
backend/utils/jwt.go:45.57,47.3 1 0
backend/utils/jwt.go:48.2,48.33 1 1
backend/utils/jwt.go:51.25,53.18 2 1
backend/utils/jwt.go:53.18,55.3 1 1
backend/utils/jwt.go:56.2,56.15 1 1
backend/utils/password.go:9.52,11.16 2 1
backend/utils/password.go:11.16,13.3 1 0
backend/utils/password.go:14.2,14.27 1 1
backend/utils/password.go:17.48,19.2 1 1
